#############################################################
2015-09-14 20:40:03
-------------------------------------------------------------
Check IP:
Private IP:	192.168.199.11	Private mask:	255.255.255.0
Public  IP:	none
-------------------------------------------------------------
Check route:
[31mroute Error,please check[0m
[31mroute Error,please check[0m
-------------------------------------------------------------
Check DNS:
domain dhcp
search dhcp server
nameserver 192.168.0.211
nameserver 192.168.0.1
-------------------------------------------------------------
Check Resolve:
64 bytes from 140.205.140.234: icmp_seq=1 ttl=51 time=113 ms
64 bytes from 140.205.140.234: icmp_seq=2 ttl=51 time=49.1 ms
64 bytes from 140.205.140.234: icmp_seq=3 ttl=51 time=47.6 ms
64 bytes from 140.205.140.234: icmp_seq=4 ttl=51 time=47.7 ms
--- www.aliyun.com ping statistics ---
4 packets transmitted, 4 received, 0% packet loss, time 1137ms
rtt min/avg/max/mdev = 47.604/64.513/113.568/28.327 ms, pipe 4
-------------------------------------------------------------
Check iptables:
pass
-------------------------------------------------------------
Check Disk:
/dev/sda2        18G  3.3G   14G  20% /
/dev/sda1       291M   41M  235M  15% /boot
-------------------------------------------------------------
Check mount file:
pass
-------------------------------------------------------------
Check vm Load:
top - 20:40:12 up  1:06,  3 users,  load average: 1.19, 1.10, 1.03
Tasks: 101 total,   1 running, 100 sleeping,   0 stopped,   0 zombie
Cpu(s):  9.4%us,  6.9%sy,  0.0%ni, 43.1%id, 40.3%wa,  0.1%hi,  0.3%si,  0.0%st
Mem:    494224k total,   404284k used,    89940k free,    20820k buffers
Swap:  2031608k total,   196612k used,  1834996k free,   126060k cached

  PID USER      PR  NI  VIRT  RES  SHR S %CPU %MEM    TIME+  COMMAND                                                                                                                           
 1268 root      20   0  184m 1456 1128 S  2.0  0.3   0:31.30 /usr/sbin/vmtoolsd                                                                                                                
10831 root      20   0  104m 1420  548 S  2.0  0.3   0:00.97 /bin/bash /sbin/dracut -f /boot/initramfs-2.6.32-573.3.1.el6.x86_64.img 2.6.32-573.3.1.el6.x86_64                                 
-------------------------------------------------------------
